<?xml version="1.0" encoding="UTF-8"?>
<!-- Generated by org.testng.reporters.JUnitReportReporter -->
<testsuite skipped="0" hostname="northbrook" name="com.gascalculator.testcases.DDFTest" tests="1" failures="0" timestamp="2020-01-17T16:06:36 CST" time="19.889" errors="0">
  <testcase name="calculateTest" time="19.889" classname="com.gascalculator.testcases.DDFTest"/>
  <system-out/>
</testsuite> <!-- com.gascalculator.testcases.DDFTest -->
